0 info it worked if it ends with ok
1 verbose cli [ 'node', '/usr/local/bin/npm', 'install' ]
2 info using npm@1.4.28
3 info using node@v0.10.35
4 verbose readDependencies using package.json deps
5 verbose install where, deps [ '/Users/bobby.earl/Documents/Github/iconit',
5 verbose install   [ 'body-parser',
5 verbose install     'express',
5 verbose install     'method-override',
5 verbose install     'node-restful',
5 verbose install     'grunt',
5 verbose install     'grunt-contrib-concat',
5 verbose install     'grunt-contrib-sass',
5 verbose install     'grunt-contrib-uglify',
5 verbose install     'grunt-contrib-watch' ] ]
6 info preinstall iconit@0.0.1
7 verbose readDependencies using package.json deps
8 verbose already installed skipping express@^4.11.1 /Users/bobby.earl/Documents/Github/iconit
9 verbose already installed skipping method-override@^2.3.1 /Users/bobby.earl/Documents/Github/iconit
10 verbose already installed skipping node-restful@^0.1.17 /Users/bobby.earl/Documents/Github/iconit
11 verbose already installed skipping grunt@^0.4.5 /Users/bobby.earl/Documents/Github/iconit
12 verbose already installed skipping grunt-contrib-concat@^0.5.0 /Users/bobby.earl/Documents/Github/iconit
13 verbose already installed skipping grunt-contrib-sass@^0.8.1 /Users/bobby.earl/Documents/Github/iconit
14 verbose already installed skipping grunt-contrib-uglify@^0.7.0 /Users/bobby.earl/Documents/Github/iconit
15 verbose already installed skipping grunt-contrib-watch@^0.6.1 /Users/bobby.earl/Documents/Github/iconit
16 verbose already installed skipping body-parser@^1.10.2 /Users/bobby.earl/Documents/Github/iconit
17 silly resolved []
18 info build /Users/bobby.earl/Documents/Github/iconit
19 verbose linkStuff [ false, false, false, '/Users/bobby.earl/Documents/Github' ]
20 info linkStuff iconit@0.0.1
21 verbose linkBins iconit@0.0.1
22 verbose linkMans iconit@0.0.1
23 verbose rebuildBundles iconit@0.0.1
24 verbose rebuildBundles [ 'body-parser',
24 verbose rebuildBundles   'express',
24 verbose rebuildBundles   'grunt',
24 verbose rebuildBundles   'grunt-contrib-concat',
24 verbose rebuildBundles   'grunt-contrib-cssmin',
24 verbose rebuildBundles   'grunt-contrib-sass',
24 verbose rebuildBundles   'grunt-contrib-uglify',
24 verbose rebuildBundles   'grunt-contrib-watch',
24 verbose rebuildBundles   'method-override',
24 verbose rebuildBundles   'mongoose',
24 verbose rebuildBundles   'node-restful' ]
25 verbose rebuild bundle /Users/bobby.earl/Documents/Github/iconit/node_modules/grunt-contrib-cssmin
26 info build /Users/bobby.earl/Documents/Github/iconit/node_modules/grunt-contrib-cssmin
27 info preinstall grunt-contrib-cssmin@0.11.0
28 verbose linkStuff [ false,
28 verbose linkStuff   false,
28 verbose linkStuff   false,
28 verbose linkStuff   '/Users/bobby.earl/Documents/Github/iconit/node_modules' ]
29 info linkStuff grunt-contrib-cssmin@0.11.0
30 verbose linkBins grunt-contrib-cssmin@0.11.0
31 verbose linkMans grunt-contrib-cssmin@0.11.0
32 verbose rebuildBundles grunt-contrib-cssmin@0.11.0
33 verbose rebuildBundles [ '.bin', 'chalk', 'clean-css', 'maxmin' ]
34 info install grunt-contrib-cssmin@0.11.0
35 info postinstall grunt-contrib-cssmin@0.11.0
36 verbose rebuild bundle /Users/bobby.earl/Documents/Github/iconit/node_modules/mongoose
37 info build /Users/bobby.earl/Documents/Github/iconit/node_modules/mongoose
38 info preinstall mongoose@3.8.21
39 verbose linkStuff [ false,
39 verbose linkStuff   false,
39 verbose linkStuff   false,
39 verbose linkStuff   '/Users/bobby.earl/Documents/Github/iconit/node_modules' ]
40 info linkStuff mongoose@3.8.21
41 verbose linkBins mongoose@3.8.21
42 verbose linkMans mongoose@3.8.21
43 verbose rebuildBundles mongoose@3.8.21
44 verbose rebuildBundles [ 'hooks',
44 verbose rebuildBundles   'mongodb',
44 verbose rebuildBundles   'mpath',
44 verbose rebuildBundles   'mpromise',
44 verbose rebuildBundles   'mquery',
44 verbose rebuildBundles   'ms',
44 verbose rebuildBundles   'muri',
44 verbose rebuildBundles   'regexp-clone',
44 verbose rebuildBundles   'sliced' ]
45 info install mongoose@3.8.21
46 info postinstall mongoose@3.8.21
47 info install iconit@0.0.1
48 info postinstall iconit@0.0.1
49 verbose unsafe-perm in lifecycle true
50 info iconit@0.0.1 Failed to exec postinstall script
51 error iconit@0.0.1 postinstall: `node_modules/bower/bin/bower install`
51 error Exit status 127
52 error Failed at the iconit@0.0.1 postinstall script.
52 error This is most likely a problem with the iconit package,
52 error not with npm itself.
52 error Tell the author that this fails on your system:
52 error     node_modules/bower/bin/bower install
52 error You can get their info via:
52 error     npm owner ls iconit
52 error There is likely additional logging output above.
53 error System Darwin 14.1.0
54 error command "node" "/usr/local/bin/npm" "install"
55 error cwd /Users/bobby.earl/Documents/Github/iconit
56 error node -v v0.10.35
57 error npm -v 1.4.28
58 error code ELIFECYCLE
59 verbose exit [ 1, true ]
